<?xml version="1.0" encoding="UTF-8"?>
<testng-results skipped="0" failed="0" ignored="0" total="1" passed="1">
  <reporter-output>
  </reporter-output>
  <suite name="Default suite" duration-ms="41456" started-at="2018-09-22T16:36:53Z" finished-at="2018-09-22T16:37:35Z">
    <groups>
    </groups>
    <test name="Default test" duration-ms="41456" started-at="2018-09-22T16:36:53Z" finished-at="2018-09-22T16:37:35Z">
      <class name="testscrpt.Logintc">
        <test-method status="PASS" signature="beforeMethod()[pri:0, instance:testscrpt.Logintc@78e67e0a]" name="beforeMethod" is-config="true" duration-ms="6367" started-at="2018-09-22T16:36:53Z" finished-at="2018-09-22T16:36:59Z">
          <reporter-output>
          </reporter-output>
        </test-method> <!-- beforeMethod -->
        <test-method status="PASS" signature="Verifyonedirectloginfunctionality()[pri:0, instance:testscrpt.Logintc@78e67e0a]" name="Verifyonedirectloginfunctionality" duration-ms="34991" started-at="2018-09-22T16:36:59Z" finished-at="2018-09-22T16:37:34Z">
          <reporter-output>
          </reporter-output>
        </test-method> <!-- Verifyonedirectloginfunctionality -->
        <test-method status="PASS" signature="afterMethod()[pri:0, instance:testscrpt.Logintc@78e67e0a]" name="afterMethod" is-config="true" duration-ms="73" started-at="2018-09-22T16:37:34Z" finished-at="2018-09-22T16:37:35Z">
          <reporter-output>
          </reporter-output>
        </test-method> <!-- afterMethod -->
      </class> <!-- testscrpt.Logintc -->
    </test> <!-- Default test -->
  </suite> <!-- Default suite -->
</testng-results>
